<?xml version="1.0" encoding="UTF-8"?>
<!-- Generated by org.testng.reporters.JUnitXMLReporter -->
<testsuite ignored="2" hostname="LAPTOP-VLQIA0J0" failures="0" tests="3" name="Test" time="4.605" errors="0" timestamp="2025-06-13T16:06:58 IST">
  <testcase classname="testCases.TS001_LoginTestCases" name="loginWithEmptyUsernameAndPassword" time="0.962"/>
  <testcase classname="testCases.TS001_LoginTestCases" name="loginWithInvalidUsernameAndPassword" time="1.651"/>
  <testcase classname="testCases.TS001_LoginTestCases" name="loginWithValidUsernameAndValidPassword" time="1.917"/>
  <testcase classname="baseTest.BaseTest" name="@AfterSuite tearDown" time="0.0">
    <ignored/>
  </testcase> <!-- @AfterSuite tearDown -->
  <testcase classname="baseTest.BaseTest" name="@BeforeSuite setUp" time="0.0">
    <ignored/>
  </testcase> <!-- @BeforeSuite setUp -->
</testsuite> <!-- Test -->
