<?xml version="1.0" encoding="UTF-8"?>
<testng-results ignored="0" total="3" passed="3" failed="0" skipped="0">
  <reporter-output>
  </reporter-output>
  <suite started-at="2025-06-13T16:06:53 IST" name="Suite" finished-at="2025-06-13T16:06:58 IST" duration-ms="4605">
    <groups>
    </groups>
    <test started-at="2025-06-13T16:06:53 IST" name="Test" finished-at="2025-06-13T16:06:58 IST" duration-ms="4605">
      <class name="baseTest.BaseTest">
        <test-method is-config="true" signature="setUp(java.lang.String,java.lang.String)[pri:0, instance:baseTest.BaseTest@f415a95]" started-at="2025-06-13T16:06:46 IST" name="setUp" finished-at="2025-06-13T16:06:53 IST" duration-ms="7345" status="PASS">
          <params>
            <param index="0">
              <value>
                <![CDATA[Windows]]>
              </value>
            </param>
            <param index="1">
              <value>
                <![CDATA[chrome]]>
              </value>
            </param>
          </params>
          <reporter-output>
          </reporter-output>
        </test-method> <!-- setUp -->
        <test-method is-config="true" signature="tearDown()[pri:0, instance:baseTest.BaseTest@f415a95]" started-at="2025-06-13T16:06:58 IST" name="tearDown" finished-at="2025-06-13T16:06:59 IST" duration-ms="409" status="PASS">
          <reporter-output>
          </reporter-output>
        </test-method> <!-- tearDown -->
      </class> <!-- baseTest.BaseTest -->
      <class name="testCases.TS001_LoginTestCases">
        <test-method signature="loginWithEmptyUsernameAndPassword()[pri:1, instance:testCases.TS001_LoginTestCases@70fab835]" started-at="2025-06-13T16:06:53 IST" name="loginWithEmptyUsernameAndPassword" finished-at="2025-06-13T16:06:54 IST" duration-ms="962" status="PASS">
          <reporter-output>
          </reporter-output>
        </test-method> <!-- loginWithEmptyUsernameAndPassword -->
        <test-method signature="loginWithInvalidUsernameAndPassword()[pri:2, instance:testCases.TS001_LoginTestCases@70fab835]" started-at="2025-06-13T16:06:54 IST" name="loginWithInvalidUsernameAndPassword" finished-at="2025-06-13T16:06:56 IST" duration-ms="1651" status="PASS">
          <reporter-output>
          </reporter-output>
        </test-method> <!-- loginWithInvalidUsernameAndPassword -->
        <test-method signature="loginWithValidUsernameAndValidPassword()[pri:3, instance:testCases.TS001_LoginTestCases@70fab835]" started-at="2025-06-13T16:06:56 IST" name="loginWithValidUsernameAndValidPassword" finished-at="2025-06-13T16:06:58 IST" duration-ms="1917" status="PASS">
          <reporter-output>
          </reporter-output>
        </test-method> <!-- loginWithValidUsernameAndValidPassword -->
      </class> <!-- testCases.TS001_LoginTestCases -->
    </test> <!-- Test -->
  </suite> <!-- Suite -->
</testng-results>
