<?xml version="1.0" encoding="UTF-8"?>
<!-- Generated by org.testng.reporters.JUnitXMLReporter -->
<testsuite ignored="0" hostname="LAPTOP-VLQIA0J0" failures="0" tests="1" name="Default test" time="0.062" errors="0" timestamp="2025-06-13T11:39:31 IST">
  <testcase classname="baseTest.BaseTest" name="@BeforeSuite setUp" time="-1.749794971315E9">
    <failure type="org.testng.TestNGException" message="
Parameter &amp;apos;OS&amp;apos; is required by BeforeSuite on method setUp but has not been marked @Optional or defined
in C:\Users\Lenovo\AppData\Local\Temp\testng-eclipse--1648993510\testng-customsuite.xml">
      <![CDATA[org.testng.TestNGException: 
Parameter 'OS' is required by BeforeSuite on method setUp but has not been marked @Optional or defined
in C:\Users\Lenovo\AppData\Local\Temp\testng-eclipse--1648993510\testng-customsuite.xml
at org.testng.internal.Parameters.createParams(Parameters.java:264)
at org.testng.internal.Parameters.createParametersForMethod(Parameters.java:352)
at org.testng.internal.Parameters.createParameters(Parameters.java:690)
at org.testng.internal.Parameters.createConfigurationParameters(Parameters.java:163)
at org.testng.internal.invokers.ConfigInvoker.invokeConfigurations(ConfigInvoker.java:313)
at org.testng.SuiteRunner.privateRun(SuiteRunner.java:358)
at org.testng.SuiteRunner.run(SuiteRunner.java:312)
at org.testng.SuiteRunnerWorker.runSuite(SuiteRunnerWorker.java:52)
at org.testng.SuiteRunnerWorker.run(SuiteRunnerWorker.java:95)
at org.testng.TestNG.runSuitesSequentially(TestNG.java:1274)
at org.testng.TestNG.runSuitesLocally(TestNG.java:1208)
at org.testng.TestNG.runSuites(TestNG.java:1112)
at org.testng.TestNG.run(TestNG.java:1079)
at org.testng.remote.AbstractRemoteTestNG.run(AbstractRemoteTestNG.java:115)
at org.testng.remote.RemoteTestNG.initAndRun(RemoteTestNG.java:293)
at org.testng.remote.RemoteTestNG.main(RemoteTestNG.java:91)
]]>
    </failure>
  </testcase> <!-- @BeforeSuite setUp -->
  <testcase classname="baseTest.BaseTest" name="test" time="0.0">
    <skipped/>
  </testcase> <!-- test -->
</testsuite> <!-- Default test -->
